data.dir
├── nnwrngscsrt
│   ├── bkttnon
│   │   ├── anh
│   │   ├── duzvqeygbae
│   │   │   ├── chz
│   │   │   ├── djrp
│   │   │   ├── ldbakse
│   │   │   ├── mugvar
│   │   │   └── rbyybgbb
│   │   ├── fkps
│   │   ├── gvahgioa
│   │   └── wfcnuaww
│   ├── iokx
│   ├── jx
│   ├── ukrpxjz
│   └── ziih
└── ovzfhc
│   ├── eftbg
│   ├── iiricgtwbg
│   │   ├── gprmxmn
│   │   ├── nvoefqm
│   │   ├── on
│   │   ├── tdd
│   │   ├── wwtwj
│   │   │   ├── dmrjegj
│   │   │   ├── tagy
│   │   │   ├── tdvrztdw
│   │   │   ├── toq
│   │   │   └── veuo
│   │   └── yrtrgznag
│   ├── metneut
│   ├── rpluslgm
│   └── yej
